2025-03-10 11:36:40.517: [INFO][Sync] Reset engine, reason: 8
2025-03-10 11:36:40.588: [INFO][Sync] Stopped: Bookmarks
2025-03-10 11:36:40.588: [INFO][Sync] Stopped: Preferences
2025-03-10 11:36:40.588: [INFO][Sync] Stopped: Passwords
2025-03-10 11:36:40.588: [INFO][Sync] Stopped: Autofill Profiles
2025-03-10 11:36:40.588: [INFO][Sync] Stopped: Autofill
2025-03-10 11:36:40.588: [INFO][Sync] Stopped: Extensions
2025-03-10 11:36:40.588: [INFO][Sync] Stopped: Sessions
2025-03-10 11:36:40.588: [INFO][Sync] Stopped: Extension settings
2025-03-10 11:36:40.588: [INFO][Sync] Stopped: History Delete Directives
2025-03-10 11:36:40.588: [INFO][Sync] Stopped: Device Info
2025-03-10 11:36:40.588: [INFO][Sync] Stopped: User Consents
2025-03-10 11:36:40.588: [INFO][Sync] Stopped: Send Tab To Self
2025-03-10 11:36:40.588: [INFO][Sync] Stopped: Web Apps
2025-03-10 11:36:40.588: [INFO][Sync] Stopped: History
2025-03-10 11:36:40.588: [INFO][Sync] Stopped: Collection
2025-03-10 11:36:40.588: [INFO][Sync] Stopped: Edge E Drop
2025-03-10 11:36:40.588: [INFO][Sync] Stopped: Edge Hub App Usage
2025-03-10 11:36:40.588: [INFO][Sync] Stopped: Edge Tab Group
2025-03-10 11:36:40.588: [INFO][Sync] Stopped: Edge Wallet
2025-03-10 11:36:40.661: [INFO][Sync] SyncState after authenticated was: NotSignedIn
2025-03-10 11:36:57.262: [INFO][Sync] Reset engine, reason: 8
2025-03-10 11:36:57.262: [INFO][Sync] Stopped: Bookmarks
2025-03-10 11:36:57.262: [INFO][Sync] Stopped: Preferences
2025-03-10 11:36:57.262: [INFO][Sync] Stopped: Passwords
2025-03-10 11:36:57.262: [INFO][Sync] Stopped: Autofill Profiles
2025-03-10 11:36:57.262: [INFO][Sync] Stopped: Autofill
2025-03-10 11:36:57.262: [INFO][Sync] Stopped: Extensions
2025-03-10 11:36:57.262: [INFO][Sync] Stopped: Sessions
2025-03-10 11:36:57.262: [INFO][Sync] Stopped: Extension settings
2025-03-10 11:36:57.262: [INFO][Sync] Stopped: History Delete Directives
2025-03-10 11:36:57.262: [INFO][Sync] Stopped: Device Info
2025-03-10 11:36:57.262: [INFO][Sync] Stopped: User Consents
2025-03-10 11:36:57.262: [INFO][Sync] Stopped: Send Tab To Self
2025-03-10 11:36:57.263: [INFO][Sync] Stopped: Web Apps
2025-03-10 11:36:57.263: [INFO][Sync] Stopped: History
2025-03-10 11:36:57.263: [INFO][Sync] Stopped: Collection
2025-03-10 11:36:57.263: [INFO][Sync] Stopped: Edge E Drop
2025-03-10 11:36:57.263: [INFO][Sync] Stopped: Edge Hub App Usage
2025-03-10 11:36:57.263: [INFO][Sync] Stopped: Edge Tab Group
2025-03-10 11:36:57.263: [INFO][Sync] Stopped: Edge Wallet
2025-03-11 07:25:32.861: [INFO][Sync] Reset engine, reason: 8
2025-03-11 07:25:32.886: [INFO][Sync] Stopped: Bookmarks
2025-03-11 07:25:32.886: [INFO][Sync] Stopped: Preferences
2025-03-11 07:25:32.886: [INFO][Sync] Stopped: Passwords
2025-03-11 07:25:32.886: [INFO][Sync] Stopped: Autofill Profiles
2025-03-11 07:25:32.886: [INFO][Sync] Stopped: Autofill
2025-03-11 07:25:32.886: [INFO][Sync] Stopped: Extensions
2025-03-11 07:25:32.887: [INFO][Sync] Stopped: Sessions
2025-03-11 07:25:32.887: [INFO][Sync] Stopped: Extension settings
2025-03-11 07:25:32.887: [INFO][Sync] Stopped: History Delete Directives
2025-03-11 07:25:32.887: [INFO][Sync] Stopped: Device Info
2025-03-11 07:25:32.887: [INFO][Sync] Stopped: User Consents
2025-03-11 07:25:32.887: [INFO][Sync] Stopped: Send Tab To Self
2025-03-11 07:25:32.887: [INFO][Sync] Stopped: Web Apps
2025-03-11 07:25:32.887: [INFO][Sync] Stopped: History
2025-03-11 07:25:32.887: [INFO][Sync] Stopped: Collection
2025-03-11 07:25:32.887: [INFO][Sync] Stopped: Edge E Drop
2025-03-11 07:25:32.887: [INFO][Sync] Stopped: Edge Hub App Usage
2025-03-11 07:25:32.887: [INFO][Sync] Stopped: Edge Tab Group
2025-03-11 07:25:32.887: [INFO][Sync] Stopped: Edge Wallet
2025-03-11 07:25:32.893: [INFO][Sync] SyncState after authenticated was: NotSignedIn
2025-03-11 07:25:41.814: [INFO][Sync] Reset engine, reason: 8
2025-03-11 07:25:41.814: [INFO][Sync] Stopped: Bookmarks
2025-03-11 07:25:41.814: [INFO][Sync] Stopped: Preferences
2025-03-11 07:25:41.814: [INFO][Sync] Stopped: Passwords
2025-03-11 07:25:41.814: [INFO][Sync] Stopped: Autofill Profiles
2025-03-11 07:25:41.814: [INFO][Sync] Stopped: Autofill
2025-03-11 07:25:41.814: [INFO][Sync] Stopped: Extensions
2025-03-11 07:25:41.814: [INFO][Sync] Stopped: Sessions
2025-03-11 07:25:41.814: [INFO][Sync] Stopped: Extension settings
2025-03-11 07:25:41.814: [INFO][Sync] Stopped: History Delete Directives
2025-03-11 07:25:41.814: [INFO][Sync] Stopped: Device Info
2025-03-11 07:25:41.814: [INFO][Sync] Stopped: User Consents
2025-03-11 07:25:41.814: [INFO][Sync] Stopped: Send Tab To Self
2025-03-11 07:25:41.814: [INFO][Sync] Stopped: Web Apps
2025-03-11 07:25:41.814: [INFO][Sync] Stopped: History
2025-03-11 07:25:41.814: [INFO][Sync] Stopped: Collection
2025-03-11 07:25:41.814: [INFO][Sync] Stopped: Edge E Drop
2025-03-11 07:25:41.814: [INFO][Sync] Stopped: Edge Hub App Usage
2025-03-11 07:25:41.814: [INFO][Sync] Stopped: Edge Tab Group
2025-03-11 07:25:41.814: [INFO][Sync] Stopped: Edge Wallet
2025-03-19 09:30:11.965: [INFO][Sync] Reset engine, reason: 8
2025-03-19 09:30:11.996: [INFO][Sync] Stopped: Bookmarks
2025-03-19 09:30:11.996: [INFO][Sync] Stopped: Preferences
2025-03-19 09:30:11.996: [INFO][Sync] Stopped: Passwords
2025-03-19 09:30:11.996: [INFO][Sync] Stopped: Autofill Profiles
2025-03-19 09:30:11.996: [INFO][Sync] Stopped: Autofill
2025-03-19 09:30:11.996: [INFO][Sync] Stopped: Extensions
2025-03-19 09:30:11.996: [INFO][Sync] Stopped: Sessions
2025-03-19 09:30:11.996: [INFO][Sync] Stopped: Extension settings
2025-03-19 09:30:11.996: [INFO][Sync] Stopped: History Delete Directives
2025-03-19 09:30:11.996: [INFO][Sync] Stopped: Device Info
2025-03-19 09:30:11.996: [INFO][Sync] Stopped: User Consents
2025-03-19 09:30:11.996: [INFO][Sync] Stopped: Send Tab To Self
2025-03-19 09:30:11.996: [INFO][Sync] Stopped: Web Apps
2025-03-19 09:30:11.996: [INFO][Sync] Stopped: History
2025-03-19 09:30:11.996: [INFO][Sync] Stopped: Collection
2025-03-19 09:30:11.996: [INFO][Sync] Stopped: Edge E Drop
2025-03-19 09:30:11.996: [INFO][Sync] Stopped: Edge Hub App Usage
2025-03-19 09:30:11.996: [INFO][Sync] Stopped: Edge Tab Group
2025-03-19 09:30:11.996: [INFO][Sync] Stopped: Edge Wallet
2025-03-19 09:30:12.015: [INFO][Sync] SyncState after authenticated was: NotSignedIn
2025-03-19 09:30:24.220: [INFO][Sync] Reset engine, reason: 8
2025-03-19 09:30:24.220: [INFO][Sync] Stopped: Bookmarks
2025-03-19 09:30:24.220: [INFO][Sync] Stopped: Preferences
2025-03-19 09:30:24.220: [INFO][Sync] Stopped: Passwords
2025-03-19 09:30:24.220: [INFO][Sync] Stopped: Autofill Profiles
2025-03-19 09:30:24.220: [INFO][Sync] Stopped: Autofill
2025-03-19 09:30:24.220: [INFO][Sync] Stopped: Extensions
2025-03-19 09:30:24.220: [INFO][Sync] Stopped: Sessions
2025-03-19 09:30:24.220: [INFO][Sync] Stopped: Extension settings
2025-03-19 09:30:24.220: [INFO][Sync] Stopped: History Delete Directives
2025-03-19 09:30:24.220: [INFO][Sync] Stopped: Device Info
2025-03-19 09:30:24.220: [INFO][Sync] Stopped: User Consents
2025-03-19 09:30:24.220: [INFO][Sync] Stopped: Send Tab To Self
2025-03-19 09:30:24.220: [INFO][Sync] Stopped: Web Apps
2025-03-19 09:30:24.220: [INFO][Sync] Stopped: History
2025-03-19 09:30:24.220: [INFO][Sync] Stopped: Collection
2025-03-19 09:30:24.220: [INFO][Sync] Stopped: Edge E Drop
2025-03-19 09:30:24.220: [INFO][Sync] Stopped: Edge Hub App Usage
2025-03-19 09:30:24.221: [INFO][Sync] Stopped: Edge Tab Group
2025-03-19 09:30:24.221: [INFO][Sync] Stopped: Edge Wallet
2025-03-23 09:17:58.207: [INFO][Sync] Reset engine, reason: 8
2025-03-23 09:17:58.226: [INFO][Sync] Stopped: Bookmarks
2025-03-23 09:17:58.227: [INFO][Sync] Stopped: Preferences
2025-03-23 09:17:58.227: [INFO][Sync] Stopped: Passwords
2025-03-23 09:17:58.227: [INFO][Sync] Stopped: Autofill Profiles
2025-03-23 09:17:58.227: [INFO][Sync] Stopped: Autofill
2025-03-23 09:17:58.227: [INFO][Sync] Stopped: Extensions
2025-03-23 09:17:58.227: [INFO][Sync] Stopped: Sessions
2025-03-23 09:17:58.227: [INFO][Sync] Stopped: Extension settings
2025-03-23 09:17:58.227: [INFO][Sync] Stopped: History Delete Directives
2025-03-23 09:17:58.227: [INFO][Sync] Stopped: Device Info
2025-03-23 09:17:58.227: [INFO][Sync] Stopped: User Consents
2025-03-23 09:17:58.227: [INFO][Sync] Stopped: Send Tab To Self
2025-03-23 09:17:58.227: [INFO][Sync] Stopped: Web Apps
2025-03-23 09:17:58.227: [INFO][Sync] Stopped: History
2025-03-23 09:17:58.227: [INFO][Sync] Stopped: Collection
2025-03-23 09:17:58.227: [INFO][Sync] Stopped: Edge E Drop
2025-03-23 09:17:58.227: [INFO][Sync] Stopped: Edge Hub App Usage
2025-03-23 09:17:58.227: [INFO][Sync] Stopped: Edge Tab Group
2025-03-23 09:17:58.227: [INFO][Sync] Stopped: Edge Wallet
2025-03-23 09:17:58.267: [INFO][Sync] SyncState after authenticated was: NotSignedIn
2025-03-23 09:18:09.256: [INFO][Sync] Reset engine, reason: 8
2025-03-23 09:18:09.256: [INFO][Sync] Stopped: Bookmarks
2025-03-23 09:18:09.256: [INFO][Sync] Stopped: Preferences
2025-03-23 09:18:09.257: [INFO][Sync] Stopped: Passwords
2025-03-23 09:18:09.257: [INFO][Sync] Stopped: Autofill Profiles
2025-03-23 09:18:09.257: [INFO][Sync] Stopped: Autofill
2025-03-23 09:18:09.257: [INFO][Sync] Stopped: Extensions
2025-03-23 09:18:09.257: [INFO][Sync] Stopped: Sessions
2025-03-23 09:18:09.257: [INFO][Sync] Stopped: Extension settings
2025-03-23 09:18:09.257: [INFO][Sync] Stopped: History Delete Directives
2025-03-23 09:18:09.257: [INFO][Sync] Stopped: Device Info
2025-03-23 09:18:09.257: [INFO][Sync] Stopped: User Consents
2025-03-23 09:18:09.257: [INFO][Sync] Stopped: Send Tab To Self
2025-03-23 09:18:09.257: [INFO][Sync] Stopped: Web Apps
2025-03-23 09:18:09.257: [INFO][Sync] Stopped: History
2025-03-23 09:18:09.257: [INFO][Sync] Stopped: Collection
2025-03-23 09:18:09.257: [INFO][Sync] Stopped: Edge E Drop
2025-03-23 09:18:09.257: [INFO][Sync] Stopped: Edge Hub App Usage
2025-03-23 09:18:09.257: [INFO][Sync] Stopped: Edge Tab Group
2025-03-23 09:18:09.257: [INFO][Sync] Stopped: Edge Wallet
2025-03-23 09:27:35.107: [INFO][Sync] Reset engine, reason: 0
